0 verbose cli /data/data/com.termux/files/usr/bin/node /data/data/com.termux/files/usr/bin/npm
1 info using npm@10.9.3
2 info using node@v22.18.0
3 silly config load:file:/data/data/com.termux/files/usr/lib/node_modules/npm/npmrc
4 silly config load:file:/data/data/com.termux/files/home/wa-bot-api/.npmrc
5 silly config load:file:/data/data/com.termux/files/home/.npmrc
6 silly config load:file:/data/data/com.termux/files/usr/etc/npmrc
7 verbose title npm init
8 verbose argv "init" "--yes"
9 verbose logfile logs-max:10 dir:/data/data/com.termux/files/home/.npm/_logs/2025-08-23T23_12_06_948Z-
10 verbose logfile /data/data/com.termux/files/home/.npm/_logs/2025-08-23T23_12_06_948Z-debug-0.log
11 silly logfile start cleaning logs, removing 1 files
12 silly logfile done cleaning log files
13 silly package data {
13 silly package data   name: 'wa-bot-api',
13 silly package data   version: '1.0.0',
13 silly package data   description: '',
13 silly package data   main: 'index.js',
13 silly package data   scripts: { test: 'echo "Error: no test specified" && exit 1' },
13 silly package data   keywords: [],
13 silly package data   author: '',
13 silly package data   license: 'ISC',
13 silly package data   dependencies: {
13 silly package data     '@whiskeysockets/baileys': '^6.7.18',
13 silly package data     'body-parser': '^2.2.0',
13 silly package data     express: '^5.1.0',
13 silly package data     fs: '^0.0.1-security',
13 silly package data     qrcode: '^1.5.4',
13 silly package data     'qrcode-terminal': '^0.12.0'
13 silly package data   },
13 silly package data   devDependencies: {},
13 silly package data   [Symbol(newline)]: '\n',
13 silly package data   [Symbol(indent)]: '  '
13 silly package data }
14 verbose cwd /data/data/com.termux/files/home/wa-bot-api
15 verbose os Linux 5.15.149-android13-8-o-00989-g5b0287cc2b69
16 verbose node v22.18.0
17 verbose npm  v10.9.3
18 verbose exit 0
19 info ok
